/var/spool/slurmd/job34837940/slurm_script: line 7: module: command not found
/var/spool/slurmd/job34837940/slurm_script: line 8: activate: No such file or directory
Start time: Fri Jun 4 11:21:26 EDT 2021
--lag 0
0
662_EEGPO_02REF
717_LGA4
717_LGA9
717_LGA10
717_LGA18
717_LGA27
717_LGA32
717_LGA36
717_LGA37
717_LGA38
717_LGA39
717_LGA44
717_LGA46
717_LGA47
717_LGB66
717_LGB71
717_LGB74
717_LGB75
717_LGB78
717_LGB79
717_LGB80
717_LGB82
717_LGB85
717_LGB86
717_LGB87
717_LGB88
717_LGB95
717_LGB108
717_LGB112
717_LGB113
717_LGB114
717_LGB116
717_LGB117
717_LGB119
717_LGB120
717_LGB121
717_LGB122
717_LGB126
717_LOF4
723_LSF12
723_LIF3
723_LST1
723_LST2
723_LST7
723_LST8
723_LST10
723_LPT1
723_LPT2
723_LDII7
723_LDII8
723_LDII9
723_LDSI9
723_LDSI10
741_GA14
741_GA23
741_GA41
741_GA44
741_GA45
741_GA47
741_GA48
741_GA64
742_G7
742_G15
742_G22
742_G23
742_G24
742_G30
742_G31
742_G34
742_G35
742_G37
742_G42
742_G43
742_G44
742_G45
742_G53
742_G54
742_G55
742_G56
742_G61
742_G63
742_G64
742_G75
742_G101
742_G102
742_G103
742_G104
742_G108
742_G110
742_G111
742_G113
742_G117
742_G118
742_G119
742_G120
742_G121
742_G124
742_G125
742_G128
742_dMF5
742_dPI5
743_G3
743_G10
743_G11
743_G19
743_G44
743_G45
743_G46
743_G47
743_G52
743_G53
743_G54
743_G64
763_G15
763_G20
763_G21
763_G23
763_G24
763_G25
763_G31
763_G32
763_G33
763_G34
763_AT1
763_DAI3
763_DAI4
763_DPI3
763_DPMT7
763_DPMT8
798_G5
798_G10
798_G12
798_G15
798_G16
798_G17
798_G18
798_G19
798_G20
798_G26
798_G27
798_G56
798_G77
798_G79
798_G83
798_G84
798_G86
798_G87
798_G88
798_G92
798_G93
798_G94
798_G95
798_G96
798_AIT3
798_O4
798_O6
798_SF2
798_AF6
798_DPI2
798_DPI3
EEGPO_02REF	-62	-58	0.5	S
LGA4	-59	22.666667	34.666667	G
LGA9	-57	46	8	G
LGA10	-59	38	13	G
LGA18	-63	35	2	G
LGA27	-63.333333	20	-0.666667	G
LGA32	-71	-27	22	G
LGA36	-68	8	-8	G
LGA37	-69.333333	-0.666667	-3	G
LGA38	-72	-11.333333	2.666667	G
LGA39	-72	-22	7	G
LGA44	-66.666667	4	-17.333333	G
LGA46	-74	-15	-8	G
LGA47	-74	-25	-3	G
LGB66	-55	36	26	EG
LGB71	-58	36	21	EG
LGB74	-58	42.666667	11.333333	EG
LGB75	-61	34	15	EG
LGB78	-60	41	5	EG
LGB79	-61.333333	37.333333	7	EG
LGB80	-63	32	11	EG
LGB82	-66	23	15	EG
LGB85	-68	9	23	EG
LGB86	-61	40	0	EG
LGB87	-64	30	5	EG
LGB88	-66	20	10	EG
LGB95	-63	27	-1	EG
LGB108	-65	16	1	EG
LGB112	-68	2.666667	-5.333333	EG
LGB113	-72	-6	0	EG
LGB114	-72.857143	-17.142857	5.142857	EG
LGB116	-66.4	5.2	-12.8	EG
LGB117	-68	1	-10	EG
LGB119	-72	-8.666667	-5.333333	EG
LGB120	-72	-13.333333	-2.666667	EG
LGB121	-73	-19	0	EG
LGB122	-72	-25	2	EG
LGB126	-74	-20	-5	EG
LOF4	-39.333333	36.666667	-22	S
LSF12	-34	-68	64	S
LIF3	-60	20.666667	34.666667	S
LST1	-66	18	17	S
LST2	-68	9	18	S
LST7	-68	-44	25	S
LST8	-65.2	-54.8	25.6	S
LST10	-55.142857	-70.857143	29.142857	S
LPT1	-71	-42	-16	S
LPT2	-68	-50	-13	S
LDII7	-43.333333	-17.333333	2	D
LDII8	-43.333333	-23	3.333333	D
LDII9	-43.2	-29.2	3.6	D
LDSI9	-44	-13	8	D
LDSI10	-42.666667	-17.333333	10	D
GA14	-56	11	46	G
GA23	-63	-4	45	G
GA41	-55	25	-22	G
GA44	-69.333333	4	-1.333333	G
GA45	-71	-6	6	G
GA47	-72	-22	21	G
GA48	-72	-32	28	G
GA64	-71.142857	-42.857143	10.857143	G
G7	-70	-42.666667	14.666667	G
G15	-74	-33	7	G
G22	-73	-17	10	G
G23	-74	-23	0	G
G24	-74	-31	-8	G
G30	-71.5	-7	3.5	G
G31	-73.2	-14.8	-5.6	G
G34	-60	25.333333	31.333333	G
G35	-66	20	23	G
G37	-70	7	4	G
G42	-59	34	25	G
G43	-64.857143	28.857143	14.857143	G
G44	-66	23	7	G
G45	-64	16	-1	G
G53	-62	25.333333	-7.333333	G
G54	-61	20	-17	G
G55	-62	13	-27	G
G56	-59	5.333333	-35	G
G61	-57	33.333333	-15	G
G63	-54.666667	20	-33.333333	G
G64	-51.333333	13.333333	-42.666667	G
G75	-62	-5.333333	45.333333	EG
G101	-72	-9.333333	10.666667	EG
G102	-73	-12.666667	6.666667	EG
G103	-73.333333	-15	1.333333	EG
G104	-74	-18.666667	-3.333333	EG
G108	-68	8	25	EG
G110	-71.333333	-4.666667	7	EG
G111	-73	-11.333333	-2.666667	EG
G113	-70	4	1	EG
G117	-66	14.666667	6.666667	EG
G118	-67.5	11.5	0.5	EG
G119	-68	8	-3	EG
G120	-68.5	4.5	-7.5	EG
G121	-69	3	-12	EG
G124	-65	20	2	EG
G125	-65	13.333333	-6.666667	EG
G128	-64	24.666667	-0.666667	EG
dMF5	-49	25	10	D
dPI5	-49.333333	-21	4.666667	D
G3	-53	19	46	G
G10	-58.4	26.8	33.2	G
G11	-59	17	38	G
G19	-63.2	14.8	28.8	G
G44	-70.666667	-6	5.333333	G
G45	-72.666667	-16	11.333333	G
G46	-72	-25.333333	15.333333	G
G47	-71.333333	-35.333333	18	G
G52	-71.333333	-8.666667	-4	G
G53	-73.333333	-20	1.333333	G
G54	-72	-29	4	G
G64	-68.666667	-51.333333	4	G
G15	-73.6	-27.2	-5.2	G
G20	-67.142857	-50.857143	17.142857	G
G21	-70.5	-40.5	13	G
G23	-71.333333	-21.333333	7	G
G24	-72	-10.666667	2.666667	G
G25	-48	-76.666667	36.666667	G
G31	-72	-15.333333	18.666667	G
G32	-72.666667	-4.666667	14.666667	G
G33	-47	-72	45	G
G34	-54	-64	45	G
AT1	-5	-36.666667	2.666667	S
DAI3	-46	3.333333	-6.666667	D
DAI4	-50.666667	6	-8.666667	D
DPI3	-46	-13.333333	-1.333333	D
DPMT7	-53.090909	-20.181818	-18	D
DPMT8	-58	-17.2	-21.6	D
G5	-49.333333	21	47	G
G10	-55	40	19	G
G12	-57	25.333333	33.333333	G
G15	-57	0	51	G
G16	-54.666667	-8	55.333333	G
G17	-58	41	3	G
G18	-62.666667	34	11.333333	G
G19	-63.333333	27.333333	18	G
G20	-64	18.666667	25.333333	G
G26	-64	26	1	G
G27	-66	20.666667	9.333333	G
G56	-70	-37.333333	17.333333	G
G77	-56	43	8	EG
G79	-59.5	38	11.5	EG
G83	-62	21	29	EG
G84	-60.8	17.2	32.4	EG
G86	-61.142857	38.857143	6.857143	EG
G87	-62	30	14	EG
G88	-64	22	21	EG
G92	-61	39	-2	EG
G93	-62	34	3	EG
G94	-64	29.333333	5.333333	EG
G95	-65	28	8	EG
G96	-66	24	14	EG
AIT3	-42	-5	-47	S
O4	-45.333333	-80	33.333333	S
O6	-58	-64	25	S
SF2	-22	34	61	S
AF6	-53	46	17	S
DPI2	-45	-14	8	D
DPI3	-50	-15	8	D
End time: Fri Jun 4 11:23:52 EDT 2021
